<?xml version="1.0" encoding="UTF-8"?>
<testsuite name="com.project2022.macgyver.domain.user.UserRepositoryTest" tests="1" skipped="0" failures="0" errors="0" timestamp="2022-05-01T04:52:19" hostname="DESKTOP-F652OA5" time="1.07">
  <properties/>
  <testcase name="회원가입_테스트()" classname="com.project2022.macgyver.domain.user.UserRepositoryTest" time="1.07"/>
  <system-out><![CDATA[13:52:06.056 [Test worker] DEBUG org.springframework.test.context.BootstrapUtils - Instantiating CacheAwareContextLoaderDelegate from class [org.springframework.test.context.cache.DefaultCacheAwareContextLoaderDelegate]
13:52:06.085 [Test worker] DEBUG org.springframework.test.context.BootstrapUtils - Instantiating BootstrapContext using constructor [public org.springframework.test.context.support.DefaultBootstrapContext(java.lang.Class,org.springframework.test.context.CacheAwareContextLoaderDelegate)]
13:52:06.157 [Test worker] DEBUG org.springframework.test.context.BootstrapUtils - Instantiating TestContextBootstrapper for test class [com.project2022.macgyver.domain.user.UserRepositoryTest] from class [org.springframework.boot.test.context.SpringBootTestContextBootstrapper]
13:52:06.184 [Test worker] INFO org.springframework.boot.test.context.SpringBootTestContextBootstrapper - Neither @ContextConfiguration nor @ContextHierarchy found for test class [com.project2022.macgyver.domain.user.UserRepositoryTest], using SpringBootContextLoader
13:52:06.196 [Test worker] DEBUG org.springframework.test.context.support.AbstractContextLoader - Did not detect default resource location for test class [com.project2022.macgyver.domain.user.UserRepositoryTest]: class path resource [com/project2022/macgyver/domain/user/UserRepositoryTest-context.xml] does not exist
13:52:06.199 [Test worker] DEBUG org.springframework.test.context.support.AbstractContextLoader - Did not detect default resource location for test class [com.project2022.macgyver.domain.user.UserRepositoryTest]: class path resource [com/project2022/macgyver/domain/user/UserRepositoryTestContext.groovy] does not exist
13:52:06.199 [Test worker] INFO org.springframework.test.context.support.AbstractContextLoader - Could not detect default resource locations for test class [com.project2022.macgyver.domain.user.UserRepositoryTest]: no resource found for suffixes {-context.xml, Context.groovy}.
13:52:06.201 [Test worker] INFO org.springframework.test.context.support.AnnotationConfigContextLoaderUtils - Could not detect default configuration classes for test class [com.project2022.macgyver.domain.user.UserRepositoryTest]: UserRepositoryTest does not declare any static, non-private, non-final, nested classes annotated with @Configuration.
13:52:06.304 [Test worker] DEBUG org.springframework.test.context.support.ActiveProfilesUtils - Could not find an 'annotation declaring class' for annotation type [org.springframework.test.context.ActiveProfiles] and class [com.project2022.macgyver.domain.user.UserRepositoryTest]
13:52:06.441 [Test worker] DEBUG org.springframework.context.annotation.ClassPathScanningCandidateComponentProvider - Identified candidate component class: file [C:\Users\evely\IdeaProjects\macgyver\build\classes\java\main\com\project2022\macgyver\Application.class]
13:52:06.444 [Test worker] INFO org.springframework.boot.test.context.SpringBootTestContextBootstrapper - Found @SpringBootConfiguration com.project2022.macgyver.Application for test class com.project2022.macgyver.domain.user.UserRepositoryTest
13:52:06.658 [Test worker] DEBUG org.springframework.boot.test.context.SpringBootTestContextBootstrapper - @TestExecutionListeners is not present for class [com.project2022.macgyver.domain.user.UserRepositoryTest]: using defaults.
13:52:06.659 [Test worker] INFO org.springframework.boot.test.context.SpringBootTestContextBootstrapper - Loaded default TestExecutionListener class names from location [META-INF/spring.factories]: [org.springframework.security.test.context.support.WithSecurityContextTestExecutionListener, org.springframework.security.test.context.support.ReactorContextTestExecutionListener, org.springframework.boot.test.autoconfigure.restdocs.RestDocsTestExecutionListener, org.springframework.boot.test.autoconfigure.web.client.MockRestServiceServerResetTestExecutionListener, org.springframework.boot.test.autoconfigure.web.servlet.MockMvcPrintOnlyOnFailureTestExecutionListener, org.springframework.boot.test.autoconfigure.web.servlet.WebDriverTestExecutionListener, org.springframework.boot.test.autoconfigure.webservices.client.MockWebServiceServerTestExecutionListener, org.springframework.boot.test.mock.mockito.MockitoTestExecutionListener, org.springframework.boot.test.mock.mockito.ResetMocksTestExecutionListener, org.springframework.test.context.web.ServletTestExecutionListener, org.springframework.test.context.support.DirtiesContextBeforeModesTestExecutionListener, org.springframework.test.context.support.DependencyInjectionTestExecutionListener, org.springframework.test.context.support.DirtiesContextTestExecutionListener, org.springframework.test.context.transaction.TransactionalTestExecutionListener, org.springframework.test.context.jdbc.SqlScriptsTestExecutionListener, org.springframework.test.context.event.EventPublishingTestExecutionListener]
13:52:06.706 [Test worker] INFO org.springframework.boot.test.context.SpringBootTestContextBootstrapper - Using TestExecutionListeners: [org.springframework.test.context.web.ServletTestExecutionListener@1494e9d9, org.springframework.test.context.support.DirtiesContextBeforeModesTestExecutionListener@42c59897, org.springframework.boot.test.mock.mockito.MockitoTestExecutionListener@139fb3e8, org.springframework.boot.test.autoconfigure.SpringBootDependencyInjectionTestExecutionListener@23c20ab1, org.springframework.test.context.support.DirtiesContextTestExecutionListener@10abe531, org.springframework.test.context.transaction.TransactionalTestExecutionListener@7ec4c693, org.springframework.test.context.jdbc.SqlScriptsTestExecutionListener@102a3a50, org.springframework.security.test.context.support.WithSecurityContextTestExecutionListener@230e3d66, org.springframework.test.context.event.EventPublishingTestExecutionListener@6cc3d65b, org.springframework.security.test.context.support.ReactorContextTestExecutionListener@346b750e, org.springframework.boot.test.autoconfigure.restdocs.RestDocsTestExecutionListener@75523169, org.springframework.boot.test.autoconfigure.web.client.MockRestServiceServerResetTestExecutionListener@27e5c7a8, org.springframework.boot.test.autoconfigure.web.servlet.MockMvcPrintOnlyOnFailureTestExecutionListener@55e6ac01, org.springframework.boot.test.autoconfigure.web.servlet.WebDriverTestExecutionListener@3a4a70b6, org.springframework.boot.test.autoconfigure.webservices.client.MockWebServiceServerTestExecutionListener@5ef7c7ef, org.springframework.boot.test.mock.mockito.ResetMocksTestExecutionListener@57a6831e]
13:52:06.714 [Test worker] DEBUG org.springframework.test.context.support.AbstractDirtiesContextTestExecutionListener - Before test class: context [DefaultTestContext@397e064a testClass = UserRepositoryTest, testInstance = [null], testMethod = [null], testException = [null], mergedContextConfiguration = [WebMergedContextConfiguration@10136f60 testClass = UserRepositoryTest, locations = '{}', classes = '{class com.project2022.macgyver.Application}', contextInitializerClasses = '[]', activeProfiles = '{}', propertySourceLocations = '{}', propertySourceProperties = '{org.springframework.boot.test.context.SpringBootTestContextBootstrapper=true}', contextCustomizers = set[org.springframework.boot.test.autoconfigure.actuate.metrics.MetricsExportContextCustomizerFactory$DisableMetricExportContextCustomizer@3ac97020, org.springframework.boot.test.autoconfigure.properties.PropertyMappingContextCustomizer@0, org.springframework.boot.test.autoconfigure.web.servlet.WebDriverContextCustomizerFactory$Customizer@65e8e498, org.springframework.boot.test.context.filter.ExcludeFilterContextCustomizer@68c45490, org.springframework.boot.test.json.DuplicateJsonObjectContextCustomizerFactory$DuplicateJsonObjectContextCustomizer@27b5eb8f, org.springframework.boot.test.mock.mockito.MockitoContextCustomizer@0, org.springframework.boot.test.web.client.TestRestTemplateContextCustomizer@6efef2aa, org.springframework.boot.test.context.SpringBootTestArgs@1, org.springframework.boot.test.context.SpringBootTestWebEnvironment@37d9b0b9], resourceBasePath = 'src/main/webapp', contextLoader = 'org.springframework.boot.test.context.SpringBootContextLoader', parent = [null]], attributes = map['org.springframework.test.context.web.ServletTestExecutionListener.activateListener' -> true]], class annotated with @DirtiesContext [false] with mode [null].
13:52:06.813 [Test worker] DEBUG org.springframework.test.context.support.TestPropertySourceUtils - Adding inlined properties to environment: {spring.jmx.enabled=false, org.springframework.boot.test.context.SpringBootTestContextBootstrapper=true}

  .   ____          _            __ _ _
 /\\ / ___'_ __ _ _(_)_ __  __ _ \ \ \ \
( ( )\___ | '_ | '_| | '_ \/ _` | \ \ \ \
 \\/  ___)| |_)| | | | | || (_| |  ) ) ) )
  '  |____| .__|_| |_|_| |_\__, | / / / /
 =========|_|==============|___/=/_/_/_/
 :: Spring Boot ::                (v2.4.1)

2022-05-01 13:52:07.608  INFO 12940 --- [    Test worker] c.p.m.domain.user.UserRepositoryTest     : Starting UserRepositoryTest using Java 11.0.8 on DESKTOP-F652OA5 with PID 12940 (started by evely in C:\Users\evely\IdeaProjects\macgyver)
2022-05-01 13:52:07.614  INFO 12940 --- [    Test worker] c.p.m.domain.user.UserRepositoryTest     : No active profile set, falling back to default profiles: default
2022-05-01 13:52:09.426  INFO 12940 --- [    Test worker] .s.d.r.c.RepositoryConfigurationDelegate : Bootstrapping Spring Data JPA repositories in DEFAULT mode.
2022-05-01 13:52:09.541  INFO 12940 --- [    Test worker] .s.d.r.c.RepositoryConfigurationDelegate : Finished Spring Data repository scanning in 96 ms. Found 1 JPA repository interfaces.
2022-05-01 13:52:11.007  INFO 12940 --- [    Test worker] o.hibernate.jpa.internal.util.LogHelper  : HHH000204: Processing PersistenceUnitInfo [name: default]
2022-05-01 13:52:11.259  INFO 12940 --- [    Test worker] org.hibernate.Version                    : HHH000412: Hibernate ORM core version 5.4.25.Final
2022-05-01 13:52:11.747  INFO 12940 --- [    Test worker] o.hibernate.annotations.common.Version   : HCANN000001: Hibernate Commons Annotations {5.1.2.Final}
2022-05-01 13:52:12.078  INFO 12940 --- [    Test worker] com.zaxxer.hikari.HikariDataSource       : HikariPool-1 - Starting...
2022-05-01 13:52:12.909  INFO 12940 --- [    Test worker] com.zaxxer.hikari.HikariDataSource       : HikariPool-1 - Start completed.
2022-05-01 13:52:12.952  INFO 12940 --- [    Test worker] org.hibernate.dialect.Dialect            : HHH000400: Using dialect: org.hibernate.dialect.MySQL5InnoDBDialect
2022-05-01 13:52:14.495  INFO 12940 --- [    Test worker] o.h.e.t.j.p.i.JtaPlatformInitiator       : HHH000490: Using JtaPlatform implementation: [org.hibernate.engine.transaction.jta.platform.internal.NoJtaPlatform]
2022-05-01 13:52:14.511  INFO 12940 --- [    Test worker] j.LocalContainerEntityManagerFactoryBean : Initialized JPA EntityManagerFactory for persistence unit 'default'
2022-05-01 13:52:16.391  INFO 12940 --- [    Test worker] o.s.s.concurrent.ThreadPoolTaskExecutor  : Initializing ExecutorService 'applicationTaskExecutor'
2022-05-01 13:52:17.963  INFO 12940 --- [    Test worker] .s.s.UserDetailsServiceAutoConfiguration : 

Using generated security password: a9c2685b-7a7a-40b8-9e29-11b09f908923

2022-05-01 13:52:19.061  INFO 12940 --- [    Test worker] o.s.s.web.DefaultSecurityFilterChain     : Will secure any request with [org.springframework.security.web.context.request.async.WebAsyncManagerIntegrationFilter@653f333e, org.springframework.security.web.context.SecurityContextPersistenceFilter@5af12c88, org.springframework.security.web.header.HeaderWriterFilter@66f2fad5, org.springframework.security.web.csrf.CsrfFilter@37b52521, org.springframework.security.web.authentication.logout.LogoutFilter@5bc4f493, org.springframework.security.web.authentication.UsernamePasswordAuthenticationFilter@72a7a509, org.springframework.security.web.authentication.ui.DefaultLoginPageGeneratingFilter@6bdee6b, org.springframework.security.web.authentication.ui.DefaultLogoutPageGeneratingFilter@6746ed20, org.springframework.security.web.authentication.www.BasicAuthenticationFilter@a0a44de, org.springframework.security.web.savedrequest.RequestCacheAwareFilter@15ca5d12, org.springframework.security.web.servletapi.SecurityContextHolderAwareRequestFilter@9ae5002, org.springframework.security.web.authentication.AnonymousAuthenticationFilter@3fb269a2, org.springframework.security.web.session.SessionManagementFilter@2ccdc35c, org.springframework.security.web.access.ExceptionTranslationFilter@32386b19, org.springframework.security.web.access.intercept.FilterSecurityInterceptor@1d9bc2]
2022-05-01 13:52:19.702  INFO 12940 --- [    Test worker] s.a.ScheduledAnnotationBeanPostProcessor : No TaskScheduler/ScheduledExecutorService bean found for scheduled processing
2022-05-01 13:52:19.730  INFO 12940 --- [    Test worker] c.p.m.domain.user.UserRepositoryTest     : Started UserRepositoryTest in 12.902 seconds (JVM running for 16.912)
2022-05-01 13:52:20.174 DEBUG 12940 --- [    Test worker] org.hibernate.SQL                        : insert into user (alert, birth, create_date, role, sex, tel, user_id, user_name, user_pwd) values (?, ?, ?, ?, ?, ?, ?, ?, ?)
Hibernate: insert into user (alert, birth, create_date, role, sex, tel, user_id, user_name, user_pwd) values (?, ?, ?, ?, ?, ?, ?, ?, ?)
2022-05-01 13:52:20.187 TRACE 12940 --- [    Test worker] o.h.type.descriptor.sql.BasicBinder      : binding parameter [1] as [INTEGER] - [0]
2022-05-01 13:52:20.188 TRACE 12940 --- [    Test worker] o.h.type.descriptor.sql.BasicBinder      : binding parameter [2] as [VARCHAR] - [20000101]
2022-05-01 13:52:20.190 TRACE 12940 --- [    Test worker] o.h.type.descriptor.sql.BasicBinder      : binding parameter [3] as [DATE] - [2022-05-01]
2022-05-01 13:52:20.194 TRACE 12940 --- [    Test worker] o.h.type.descriptor.sql.BasicBinder      : binding parameter [4] as [VARCHAR] - [USER]
2022-05-01 13:52:20.194 TRACE 12940 --- [    Test worker] o.h.type.descriptor.sql.BasicBinder      : binding parameter [5] as [VARCHAR] - [M]
2022-05-01 13:52:20.195 TRACE 12940 --- [    Test worker] o.h.type.descriptor.sql.BasicBinder      : binding parameter [6] as [VARCHAR] - [01012345678]
2022-05-01 13:52:20.195 TRACE 12940 --- [    Test worker] o.h.type.descriptor.sql.BasicBinder      : binding parameter [7] as [VARCHAR] - [user1]
2022-05-01 13:52:20.195 TRACE 12940 --- [    Test worker] o.h.type.descriptor.sql.BasicBinder      : binding parameter [8] as [VARCHAR] - [홍길동]
2022-05-01 13:52:20.196 TRACE 12940 --- [    Test worker] o.h.type.descriptor.sql.BasicBinder      : binding parameter [9] as [VARCHAR] - [1234]
2022-05-01 13:52:20.618 DEBUG 12940 --- [    Test worker] org.hibernate.SQL                        : select user0_.id as id1_0_, user0_.alert as alert2_0_, user0_.birth as birth3_0_, user0_.create_date as create_d4_0_, user0_.role as role5_0_, user0_.sex as sex6_0_, user0_.tel as tel7_0_, user0_.user_id as user_id8_0_, user0_.user_name as user_nam9_0_, user0_.user_pwd as user_pw10_0_ from user user0_
Hibernate: select user0_.id as id1_0_, user0_.alert as alert2_0_, user0_.birth as birth3_0_, user0_.create_date as create_d4_0_, user0_.role as role5_0_, user0_.sex as sex6_0_, user0_.tel as tel7_0_, user0_.user_id as user_id8_0_, user0_.user_name as user_nam9_0_, user0_.user_pwd as user_pw10_0_ from user user0_
2022-05-01 13:52:20.777 DEBUG 12940 --- [    Test worker] org.hibernate.SQL                        : select user0_.id as id1_0_, user0_.alert as alert2_0_, user0_.birth as birth3_0_, user0_.create_date as create_d4_0_, user0_.role as role5_0_, user0_.sex as sex6_0_, user0_.tel as tel7_0_, user0_.user_id as user_id8_0_, user0_.user_name as user_nam9_0_, user0_.user_pwd as user_pw10_0_ from user user0_
Hibernate: select user0_.id as id1_0_, user0_.alert as alert2_0_, user0_.birth as birth3_0_, user0_.create_date as create_d4_0_, user0_.role as role5_0_, user0_.sex as sex6_0_, user0_.tel as tel7_0_, user0_.user_id as user_id8_0_, user0_.user_name as user_nam9_0_, user0_.user_pwd as user_pw10_0_ from user user0_
2022-05-01 13:52:20.808 DEBUG 12940 --- [    Test worker] org.hibernate.SQL                        : delete from user where id=?
Hibernate: delete from user where id=?
2022-05-01 13:52:20.810 TRACE 12940 --- [    Test worker] o.h.type.descriptor.sql.BasicBinder      : binding parameter [1] as [BIGINT] - [3]
]]></system-out>
  <system-err><![CDATA[]]></system-err>
</testsuite>
